The system is: Linux - 5.3.7-301.fc31.x86_64 - x86_64
Compiling the CXX compiler identification source file "CMakeCXXCompilerId.cpp" succeeded.
Compiler: /opt/sde/bin/c++ 
Build flags: 
Id flags:  

The output was:
0


Compilation of the CXX compiler identification source "CMakeCXXCompilerId.cpp" produced "a.out"

The CXX compiler identification is GNU, found in "/home/jdoe/Desktop/project/bin/CMakeFiles/3.17.1/CompilerIdCXX/a.out"

Determining if the CXX compiler works passed with the following output:
Change Dir: /home/jdoe/Desktop/project/bin/CMakeFiles/CMakeTmp

Run Build Command(s):/usr/bin/gmake cmTC_7ea67/fast && /usr/bin/gmake  -f CMakeFiles/cmTC_7ea67.dir/build.make CMakeFiles/cmTC_7ea67.dir/build
gmake[1]: Entering directory '/home/jdoe/Desktop/project/bin/CMakeFiles/CMakeTmp'
Building CXX object CMakeFiles/cmTC_7ea67.dir/testCXXCompiler.cxx.o
/opt/sde/bin/c++     -o CMakeFiles/cmTC_7ea67.dir/testCXXCompiler.cxx.o -c /home/jdoe/Desktop/project/bin/CMakeFiles/CMakeTmp/testCXXCompiler.cxx
Linking CXX executable cmTC_7ea67
/opt/sde/packages/cmake-3.17.1/bin/cmake -E cmake_link_script CMakeFiles/cmTC_7ea67.dir/link.txt --verbose=1
/opt/sde/bin/c++       CMakeFiles/cmTC_7ea67.dir/testCXXCompiler.cxx.o  -o cmTC_7ea67 
gmake[1]: Leaving directory '/home/jdoe/Desktop/project/bin/CMakeFiles/CMakeTmp'



Detecting CXX compiler ABI info compiled with the following output:
Change Dir: /home/jdoe/Desktop/project/bin/CMakeFiles/CMakeTmp

Run Build Command(s):/usr/bin/gmake cmTC_da369/fast && /usr/bin/gmake  -f CMakeFiles/cmTC_da369.dir/build.make CMakeFiles/cmTC_da369.dir/build
gmake[1]: Entering directory '/home/jdoe/Desktop/project/bin/CMakeFiles/CMakeTmp'
Building CXX object CMakeFiles/cmTC_da369.dir/CMakeCXXCompilerABI.cpp.o
/opt/sde/bin/c++    -v -o CMakeFiles/cmTC_da369.dir/CMakeCXXCompilerABI.cpp.o -c /opt/sde/packages/cmake-3.17.1/share/cmake-3.17/Modules/CMakeCXXCompilerABI.cpp
Using built-in specs.
COLLECT_GCC=/opt/sde/packages/gcc/bin/g++
Target: x86_64-pc-linux-gnu
Configured with: ../src/configure --prefix=/opt/sde/packages/gcc-9.3.0 --enable-threads=posix --enable-tls --disable-multilib --enable-languages=c,c++,fortran
Thread model: posix
gcc version 9.3.0 (GCC) 
COLLECT_GCC_OPTIONS='-isystem' '/opt/sde/packages/boost/include' '-isystem' '/opt/sde/packages/catch/include' '-isystem' '/opt/sde/packages/gsl/include' '-isystem' '/opt/sde/packages/CGAL/include' '-isystem' '/opt/sde/packages/jasper/include' '-v' '-o' 'CMakeFiles/cmTC_da369.dir/CMakeCXXCompilerABI.cpp.o' '-c' '-L/opt/sde/packages/boost/lib' '-L/opt/sde/packages/catch/lib64' '-L/opt/sde/packages/CGAL/lib64' '-L/opt/sde/packages/jasper/lib64' '-shared-libgcc' '-mtune=generic' '-march=x86-64'
 /opt/sde/packages/gcc-9.3.0/libexec/gcc/x86_64-pc-linux-gnu/9.3.0/cc1plus -quiet -v -D_GNU_SOURCE -isystem /opt/sde/packages/boost/include -isystem /opt/sde/packages/catch/include -isystem /opt/sde/packages/gsl/include -isystem /opt/sde/packages/CGAL/include -isystem /opt/sde/packages/jasper/include /opt/sde/packages/cmake-3.17.1/share/cmake-3.17/Modules/CMakeCXXCompilerABI.cpp -quiet -dumpbase CMakeCXXCompilerABI.cpp -mtune=generic -march=x86-64 -auxbase-strip CMakeFiles/cmTC_da369.dir/CMakeCXXCompilerABI.cpp.o -version -o /tmp/ccFhdewt.s
GNU C++14 (GCC) version 9.3.0 (x86_64-pc-linux-gnu)
	compiled by GNU C version 9.3.0, GMP version 6.1.0, MPFR version 3.1.4, MPC version 1.0.3, isl version isl-0.18-GMP

GGC heuristics: --param ggc-min-expand=100 --param ggc-min-heapsize=131072
ignoring nonexistent directory "/opt/sde/packages/gcc-9.3.0/lib/gcc/x86_64-pc-linux-gnu/9.3.0/../../../../x86_64-pc-linux-gnu/include"
#include "..." search starts here:
#include <...> search starts here:
 /opt/sde/packages/boost/include
 /opt/sde/packages/catch/include
 /opt/sde/packages/gsl/include
 /opt/sde/packages/CGAL/include
 /opt/sde/packages/jasper/include
 /opt/sde/packages/gcc-9.3.0/lib/gcc/x86_64-pc-linux-gnu/9.3.0/../../../../include/c++/9.3.0
 /opt/sde/packages/gcc-9.3.0/lib/gcc/x86_64-pc-linux-gnu/9.3.0/../../../../include/c++/9.3.0/x86_64-pc-linux-gnu
 /opt/sde/packages/gcc-9.3.0/lib/gcc/x86_64-pc-linux-gnu/9.3.0/../../../../include/c++/9.3.0/backward
 /opt/sde/packages/gcc-9.3.0/lib/gcc/x86_64-pc-linux-gnu/9.3.0/include
 /usr/local/include
 /opt/sde/packages/gcc-9.3.0/include
 /opt/sde/packages/gcc-9.3.0/lib/gcc/x86_64-pc-linux-gnu/9.3.0/include-fixed
 /usr/include
End of search list.
GNU C++14 (GCC) version 9.3.0 (x86_64-pc-linux-gnu)
	compiled by GNU C version 9.3.0, GMP version 6.1.0, MPFR version 3.1.4, MPC version 1.0.3, isl version isl-0.18-GMP

GGC heuristics: --param ggc-min-expand=100 --param ggc-min-heapsize=131072
Compiler executable checksum: ff5f4383f18891d560a652e122336940
COLLECT_GCC_OPTIONS='-isystem' '/opt/sde/packages/boost/include' '-isystem' '/opt/sde/packages/catch/include' '-isystem' '/opt/sde/packages/gsl/include' '-isystem' '/opt/sde/packages/CGAL/include' '-isystem' '/opt/sde/packages/jasper/include' '-v' '-o' 'CMakeFiles/cmTC_da369.dir/CMakeCXXCompilerABI.cpp.o' '-c' '-L/opt/sde/packages/boost/lib' '-L/opt/sde/packages/catch/lib64' '-L/opt/sde/packages/CGAL/lib64' '-L/opt/sde/packages/jasper/lib64' '-shared-libgcc' '-mtune=generic' '-march=x86-64'
 as -v --64 -o CMakeFiles/cmTC_da369.dir/CMakeCXXCompilerABI.cpp.o /tmp/ccFhdewt.s
GNU assembler version 2.32 (x86_64-redhat-linux) using BFD version version 2.32-24.fc31
COMPILER_PATH=/opt/sde/packages/gcc-9.3.0/libexec/gcc/x86_64-pc-linux-gnu/9.3.0/:/opt/sde/packages/gcc-9.3.0/libexec/gcc/x86_64-pc-linux-gnu/9.3.0/:/opt/sde/packages/gcc-9.3.0/libexec/gcc/x86_64-pc-linux-gnu/:/opt/sde/packages/gcc-9.3.0/lib/gcc/x86_64-pc-linux-gnu/9.3.0/:/opt/sde/packages/gcc-9.3.0/lib/gcc/x86_64-pc-linux-gnu/
LIBRARY_PATH=/opt/sde/packages/gcc-9.3.0/lib/gcc/x86_64-pc-linux-gnu/9.3.0/:/opt/sde/packages/gcc-9.3.0/lib/gcc/x86_64-pc-linux-gnu/9.3.0/../../../../lib64/:/lib/../lib64/:/usr/lib/../lib64/:/opt/sde/packages/gcc-9.3.0/lib/gcc/x86_64-pc-linux-gnu/9.3.0/../../../:/lib/:/usr/lib/
COLLECT_GCC_OPTIONS='-isystem' '/opt/sde/packages/boost/include' '-isystem' '/opt/sde/packages/catch/include' '-isystem' '/opt/sde/packages/gsl/include' '-isystem' '/opt/sde/packages/CGAL/include' '-isystem' '/opt/sde/packages/jasper/include' '-v' '-o' 'CMakeFiles/cmTC_da369.dir/CMakeCXXCompilerABI.cpp.o' '-c' '-L/opt/sde/packages/boost/lib' '-L/opt/sde/packages/catch/lib64' '-L/opt/sde/packages/CGAL/lib64' '-L/opt/sde/packages/jasper/lib64' '-shared-libgcc' '-mtune=generic' '-march=x86-64'
Linking CXX executable cmTC_da369
/opt/sde/packages/cmake-3.17.1/bin/cmake -E cmake_link_script CMakeFiles/cmTC_da369.dir/link.txt --verbose=1
/opt/sde/bin/c++      -v CMakeFiles/cmTC_da369.dir/CMakeCXXCompilerABI.cpp.o  -o cmTC_da369 
Using built-in specs.
COLLECT_GCC=/opt/sde/packages/gcc/bin/g++
COLLECT_LTO_WRAPPER=/opt/sde/packages/gcc-9.3.0/libexec/gcc/x86_64-pc-linux-gnu/9.3.0/lto-wrapper
Target: x86_64-pc-linux-gnu
Configured with: ../src/configure --prefix=/opt/sde/packages/gcc-9.3.0 --enable-threads=posix --enable-tls --disable-multilib --enable-languages=c,c++,fortran
Thread model: posix
gcc version 9.3.0 (GCC) 
COMPILER_PATH=/opt/sde/packages/gcc-9.3.0/libexec/gcc/x86_64-pc-linux-gnu/9.3.0/:/opt/sde/packages/gcc-9.3.0/libexec/gcc/x86_64-pc-linux-gnu/9.3.0/:/opt/sde/packages/gcc-9.3.0/libexec/gcc/x86_64-pc-linux-gnu/:/opt/sde/packages/gcc-9.3.0/lib/gcc/x86_64-pc-linux-gnu/9.3.0/:/opt/sde/packages/gcc-9.3.0/lib/gcc/x86_64-pc-linux-gnu/
LIBRARY_PATH=/opt/sde/packages/gcc-9.3.0/lib/gcc/x86_64-pc-linux-gnu/9.3.0/:/opt/sde/packages/gcc-9.3.0/lib/gcc/x86_64-pc-linux-gnu/9.3.0/../../../../lib64/:/lib/../lib64/:/usr/lib/../lib64/:/opt/sde/packages/gcc-9.3.0/lib/gcc/x86_64-pc-linux-gnu/9.3.0/../../../:/lib/:/usr/lib/
COLLECT_GCC_OPTIONS='-isystem' '/opt/sde/packages/boost/include' '-isystem' '/opt/sde/packages/catch/include' '-isystem' '/opt/sde/packages/gsl/include' '-isystem' '/opt/sde/packages/CGAL/include' '-isystem' '/opt/sde/packages/jasper/include' '-v' '-o' 'cmTC_da369' '-L/opt/sde/packages/boost/lib' '-L/opt/sde/packages/catch/lib64' '-L/opt/sde/packages/CGAL/lib64' '-L/opt/sde/packages/jasper/lib64' '-shared-libgcc' '-mtune=generic' '-march=x86-64'
 /opt/sde/packages/gcc-9.3.0/libexec/gcc/x86_64-pc-linux-gnu/9.3.0/collect2 -plugin /opt/sde/packages/gcc-9.3.0/libexec/gcc/x86_64-pc-linux-gnu/9.3.0/liblto_plugin.so -plugin-opt=/opt/sde/packages/gcc-9.3.0/libexec/gcc/x86_64-pc-linux-gnu/9.3.0/lto-wrapper -plugin-opt=-fresolution=/tmp/cclColqY.res -plugin-opt=-pass-through=-lgcc_s -plugin-opt=-pass-through=-lgcc -plugin-opt=-pass-through=-lc -plugin-opt=-pass-through=-lgcc_s -plugin-opt=-pass-through=-lgcc --eh-frame-hdr -m elf_x86_64 -dynamic-linker /lib64/ld-linux-x86-64.so.2 -o cmTC_da369 /lib/../lib64/crt1.o /lib/../lib64/crti.o /opt/sde/packages/gcc-9.3.0/lib/gcc/x86_64-pc-linux-gnu/9.3.0/crtbegin.o -L/opt/sde/packages/boost/lib -L/opt/sde/packages/catch/lib64 -L/opt/sde/packages/CGAL/lib64 -L/opt/sde/packages/jasper/lib64 -L/opt/sde/packages/gcc-9.3.0/lib/gcc/x86_64-pc-linux-gnu/9.3.0 -L/opt/sde/packages/gcc-9.3.0/lib/gcc/x86_64-pc-linux-gnu/9.3.0/../../../../lib64 -L/lib/../lib64 -L/usr/lib/../lib64 -L/opt/sde/packages/gcc-9.3.0/lib/gcc/x86_64-pc-linux-gnu/9.3.0/../../.. CMakeFiles/cmTC_da369.dir/CMakeCXXCompilerABI.cpp.o -rpath /opt/sde/packages/boost/lib -rpath /opt/sde/packages/catch/lib64 -rpath /opt/sde/packages/CGAL/lib64 -rpath /opt/sde/packages/jasper/lib64 -rpath /opt/sde/packages/gcc/lib64 -lstdc++ -lm -lgcc_s -lgcc -lc -lgcc_s -lgcc /opt/sde/packages/gcc-9.3.0/lib/gcc/x86_64-pc-linux-gnu/9.3.0/crtend.o /lib/../lib64/crtn.o
COLLECT_GCC_OPTIONS='-isystem' '/opt/sde/packages/boost/include' '-isystem' '/opt/sde/packages/catch/include' '-isystem' '/opt/sde/packages/gsl/include' '-isystem' '/opt/sde/packages/CGAL/include' '-isystem' '/opt/sde/packages/jasper/include' '-v' '-o' 'cmTC_da369' '-L/opt/sde/packages/boost/lib' '-L/opt/sde/packages/catch/lib64' '-L/opt/sde/packages/CGAL/lib64' '-L/opt/sde/packages/jasper/lib64' '-shared-libgcc' '-mtune=generic' '-march=x86-64'
gmake[1]: Leaving directory '/home/jdoe/Desktop/project/bin/CMakeFiles/CMakeTmp'



Parsed CXX implicit include dir info from above output: rv=done
  found start of include info
  found start of implicit include info
    add: [/opt/sde/packages/boost/include]
    add: [/opt/sde/packages/catch/include]
    add: [/opt/sde/packages/gsl/include]
    add: [/opt/sde/packages/CGAL/include]
    add: [/opt/sde/packages/jasper/include]
    add: [/opt/sde/packages/gcc-9.3.0/lib/gcc/x86_64-pc-linux-gnu/9.3.0/../../../../include/c++/9.3.0]
    add: [/opt/sde/packages/gcc-9.3.0/lib/gcc/x86_64-pc-linux-gnu/9.3.0/../../../../include/c++/9.3.0/x86_64-pc-linux-gnu]
    add: [/opt/sde/packages/gcc-9.3.0/lib/gcc/x86_64-pc-linux-gnu/9.3.0/../../../../include/c++/9.3.0/backward]
    add: [/opt/sde/packages/gcc-9.3.0/lib/gcc/x86_64-pc-linux-gnu/9.3.0/include]
    add: [/usr/local/include]
    add: [/opt/sde/packages/gcc-9.3.0/include]
    add: [/opt/sde/packages/gcc-9.3.0/lib/gcc/x86_64-pc-linux-gnu/9.3.0/include-fixed]
    add: [/usr/include]
  end of search list found
  collapse include dir [/opt/sde/packages/boost/include] ==> [/opt/sde/packages/boost/include]
  collapse include dir [/opt/sde/packages/catch/include] ==> [/opt/sde/packages/catch/include]
  collapse include dir [/opt/sde/packages/gsl/include] ==> [/opt/sde/packages/gsl/include]
  collapse include dir [/opt/sde/packages/CGAL/include] ==> [/opt/sde/packages/CGAL/include]
  collapse include dir [/opt/sde/packages/jasper/include] ==> [/opt/sde/packages/jasper/include]
  collapse include dir [/opt/sde/packages/gcc-9.3.0/lib/gcc/x86_64-pc-linux-gnu/9.3.0/../../../../include/c++/9.3.0] ==> [/opt/sde/packages/gcc-9.3.0/include/c++/9.3.0]
  collapse include dir [/opt/sde/packages/gcc-9.3.0/lib/gcc/x86_64-pc-linux-gnu/9.3.0/../../../../include/c++/9.3.0/x86_64-pc-linux-gnu] ==> [/opt/sde/packages/gcc-9.3.0/include/c++/9.3.0/x86_64-pc-linux-gnu]
  collapse include dir [/opt/sde/packages/gcc-9.3.0/lib/gcc/x86_64-pc-linux-gnu/9.3.0/../../../../include/c++/9.3.0/backward] ==> [/opt/sde/packages/gcc-9.3.0/include/c++/9.3.0/backward]
  collapse include dir [/opt/sde/packages/gcc-9.3.0/lib/gcc/x86_64-pc-linux-gnu/9.3.0/include] ==> [/opt/sde/packages/gcc-9.3.0/lib/gcc/x86_64-pc-linux-gnu/9.3.0/include]
  collapse include dir [/usr/local/include] ==> [/usr/local/include]
  collapse include dir [/opt/sde/packages/gcc-9.3.0/include] ==> [/opt/sde/packages/gcc-9.3.0/include]
  collapse include dir [/opt/sde/packages/gcc-9.3.0/lib/gcc/x86_64-pc-linux-gnu/9.3.0/include-fixed] ==> [/opt/sde/packages/gcc-9.3.0/lib/gcc/x86_64-pc-linux-gnu/9.3.0/include-fixed]
  collapse include dir [/usr/include] ==> [/usr/include]
  implicit include dirs: [/opt/sde/packages/boost/include;/opt/sde/packages/catch/include;/opt/sde/packages/gsl/include;/opt/sde/packages/CGAL/include;/opt/sde/packages/jasper/include;/opt/sde/packages/gcc-9.3.0/include/c++/9.3.0;/opt/sde/packages/gcc-9.3.0/include/c++/9.3.0/x86_64-pc-linux-gnu;/opt/sde/packages/gcc-9.3.0/include/c++/9.3.0/backward;/opt/sde/packages/gcc-9.3.0/lib/gcc/x86_64-pc-linux-gnu/9.3.0/include;/usr/local/include;/opt/sde/packages/gcc-9.3.0/include;/opt/sde/packages/gcc-9.3.0/lib/gcc/x86_64-pc-linux-gnu/9.3.0/include-fixed;/usr/include]


Parsed CXX implicit link information from above output:
  link line regex: [^( *|.*[/\])(ld|CMAKE_LINK_STARTFILE-NOTFOUND|([^/\]+-)?ld|collect2)[^/\]*( |$)]
  ignore line: [Change Dir: /home/jdoe/Desktop/project/bin/CMakeFiles/CMakeTmp]
  ignore line: []
  ignore line: [Run Build Command(s):/usr/bin/gmake cmTC_da369/fast && /usr/bin/gmake  -f CMakeFiles/cmTC_da369.dir/build.make CMakeFiles/cmTC_da369.dir/build]
  ignore line: [gmake[1]: Entering directory '/home/jdoe/Desktop/project/bin/CMakeFiles/CMakeTmp']
  ignore line: [Building CXX object CMakeFiles/cmTC_da369.dir/CMakeCXXCompilerABI.cpp.o]
  ignore line: [/opt/sde/bin/c++    -v -o CMakeFiles/cmTC_da369.dir/CMakeCXXCompilerABI.cpp.o -c /opt/sde/packages/cmake-3.17.1/share/cmake-3.17/Modules/CMakeCXXCompilerABI.cpp]
  ignore line: [Using built-in specs.]
  ignore line: [COLLECT_GCC=/opt/sde/packages/gcc/bin/g++]
  ignore line: [Target: x86_64-pc-linux-gnu]
  ignore line: [Configured with: ../src/configure --prefix=/opt/sde/packages/gcc-9.3.0 --enable-threads=posix --enable-tls --disable-multilib --enable-languages=c c++ fortran]
  ignore line: [Thread model: posix]
  ignore line: [gcc version 9.3.0 (GCC) ]
  ignore line: [COLLECT_GCC_OPTIONS='-isystem' '/opt/sde/packages/boost/include' '-isystem' '/opt/sde/packages/catch/include' '-isystem' '/opt/sde/packages/gsl/include' '-isystem' '/opt/sde/packages/CGAL/include' '-isystem' '/opt/sde/packages/jasper/include' '-v' '-o' 'CMakeFiles/cmTC_da369.dir/CMakeCXXCompilerABI.cpp.o' '-c' '-L/opt/sde/packages/boost/lib' '-L/opt/sde/packages/catch/lib64' '-L/opt/sde/packages/CGAL/lib64' '-L/opt/sde/packages/jasper/lib64' '-shared-libgcc' '-mtune=generic' '-march=x86-64']
  ignore line: [ /opt/sde/packages/gcc-9.3.0/libexec/gcc/x86_64-pc-linux-gnu/9.3.0/cc1plus -quiet -v -D_GNU_SOURCE -isystem /opt/sde/packages/boost/include -isystem /opt/sde/packages/catch/include -isystem /opt/sde/packages/gsl/include -isystem /opt/sde/packages/CGAL/include -isystem /opt/sde/packages/jasper/include /opt/sde/packages/cmake-3.17.1/share/cmake-3.17/Modules/CMakeCXXCompilerABI.cpp -quiet -dumpbase CMakeCXXCompilerABI.cpp -mtune=generic -march=x86-64 -auxbase-strip CMakeFiles/cmTC_da369.dir/CMakeCXXCompilerABI.cpp.o -version -o /tmp/ccFhdewt.s]
  ignore line: [GNU C++14 (GCC) version 9.3.0 (x86_64-pc-linux-gnu)]
  ignore line: [	compiled by GNU C version 9.3.0  GMP version 6.1.0  MPFR version 3.1.4  MPC version 1.0.3  isl version isl-0.18-GMP]
  ignore line: []
  ignore line: [GGC heuristics: --param ggc-min-expand=100 --param ggc-min-heapsize=131072]
  ignore line: [ignoring nonexistent directory "/opt/sde/packages/gcc-9.3.0/lib/gcc/x86_64-pc-linux-gnu/9.3.0/../../../../x86_64-pc-linux-gnu/include"]
  ignore line: [#include "..." search starts here:]
  ignore line: [#include <...> search starts here:]
  ignore line: [ /opt/sde/packages/boost/include]
  ignore line: [ /opt/sde/packages/catch/include]
  ignore line: [ /opt/sde/packages/gsl/include]
  ignore line: [ /opt/sde/packages/CGAL/include]
  ignore line: [ /opt/sde/packages/jasper/include]
  ignore line: [ /opt/sde/packages/gcc-9.3.0/lib/gcc/x86_64-pc-linux-gnu/9.3.0/../../../../include/c++/9.3.0]
  ignore line: [ /opt/sde/packages/gcc-9.3.0/lib/gcc/x86_64-pc-linux-gnu/9.3.0/../../../../include/c++/9.3.0/x86_64-pc-linux-gnu]
  ignore line: [ /opt/sde/packages/gcc-9.3.0/lib/gcc/x86_64-pc-linux-gnu/9.3.0/../../../../include/c++/9.3.0/backward]
  ignore line: [ /opt/sde/packages/gcc-9.3.0/lib/gcc/x86_64-pc-linux-gnu/9.3.0/include]
  ignore line: [ /usr/local/include]
  ignore line: [ /opt/sde/packages/gcc-9.3.0/include]
  ignore line: [ /opt/sde/packages/gcc-9.3.0/lib/gcc/x86_64-pc-linux-gnu/9.3.0/include-fixed]
  ignore line: [ /usr/include]
  ignore line: [End of search list.]
  ignore line: [GNU C++14 (GCC) version 9.3.0 (x86_64-pc-linux-gnu)]
  ignore line: [	compiled by GNU C version 9.3.0  GMP version 6.1.0  MPFR version 3.1.4  MPC version 1.0.3  isl version isl-0.18-GMP]
  ignore line: []
  ignore line: [GGC heuristics: --param ggc-min-expand=100 --param ggc-min-heapsize=131072]
  ignore line: [Compiler executable checksum: ff5f4383f18891d560a652e122336940]
  ignore line: [COLLECT_GCC_OPTIONS='-isystem' '/opt/sde/packages/boost/include' '-isystem' '/opt/sde/packages/catch/include' '-isystem' '/opt/sde/packages/gsl/include' '-isystem' '/opt/sde/packages/CGAL/include' '-isystem' '/opt/sde/packages/jasper/include' '-v' '-o' 'CMakeFiles/cmTC_da369.dir/CMakeCXXCompilerABI.cpp.o' '-c' '-L/opt/sde/packages/boost/lib' '-L/opt/sde/packages/catch/lib64' '-L/opt/sde/packages/CGAL/lib64' '-L/opt/sde/packages/jasper/lib64' '-shared-libgcc' '-mtune=generic' '-march=x86-64']
  ignore line: [ as -v --64 -o CMakeFiles/cmTC_da369.dir/CMakeCXXCompilerABI.cpp.o /tmp/ccFhdewt.s]
  ignore line: [GNU assembler version 2.32 (x86_64-redhat-linux) using BFD version version 2.32-24.fc31]
  ignore line: [COMPILER_PATH=/opt/sde/packages/gcc-9.3.0/libexec/gcc/x86_64-pc-linux-gnu/9.3.0/:/opt/sde/packages/gcc-9.3.0/libexec/gcc/x86_64-pc-linux-gnu/9.3.0/:/opt/sde/packages/gcc-9.3.0/libexec/gcc/x86_64-pc-linux-gnu/:/opt/sde/packages/gcc-9.3.0/lib/gcc/x86_64-pc-linux-gnu/9.3.0/:/opt/sde/packages/gcc-9.3.0/lib/gcc/x86_64-pc-linux-gnu/]
  ignore line: [LIBRARY_PATH=/opt/sde/packages/gcc-9.3.0/lib/gcc/x86_64-pc-linux-gnu/9.3.0/:/opt/sde/packages/gcc-9.3.0/lib/gcc/x86_64-pc-linux-gnu/9.3.0/../../../../lib64/:/lib/../lib64/:/usr/lib/../lib64/:/opt/sde/packages/gcc-9.3.0/lib/gcc/x86_64-pc-linux-gnu/9.3.0/../../../:/lib/:/usr/lib/]
  ignore line: [COLLECT_GCC_OPTIONS='-isystem' '/opt/sde/packages/boost/include' '-isystem' '/opt/sde/packages/catch/include' '-isystem' '/opt/sde/packages/gsl/include' '-isystem' '/opt/sde/packages/CGAL/include' '-isystem' '/opt/sde/packages/jasper/include' '-v' '-o' 'CMakeFiles/cmTC_da369.dir/CMakeCXXCompilerABI.cpp.o' '-c' '-L/opt/sde/packages/boost/lib' '-L/opt/sde/packages/catch/lib64' '-L/opt/sde/packages/CGAL/lib64' '-L/opt/sde/packages/jasper/lib64' '-shared-libgcc' '-mtune=generic' '-march=x86-64']
  ignore line: [Linking CXX executable cmTC_da369]
  ignore line: [/opt/sde/packages/cmake-3.17.1/bin/cmake -E cmake_link_script CMakeFiles/cmTC_da369.dir/link.txt --verbose=1]
  ignore line: [/opt/sde/bin/c++      -v CMakeFiles/cmTC_da369.dir/CMakeCXXCompilerABI.cpp.o  -o cmTC_da369 ]
  ignore line: [Using built-in specs.]
  ignore line: [COLLECT_GCC=/opt/sde/packages/gcc/bin/g++]
  ignore line: [COLLECT_LTO_WRAPPER=/opt/sde/packages/gcc-9.3.0/libexec/gcc/x86_64-pc-linux-gnu/9.3.0/lto-wrapper]
  ignore line: [Target: x86_64-pc-linux-gnu]
  ignore line: [Configured with: ../src/configure --prefix=/opt/sde/packages/gcc-9.3.0 --enable-threads=posix --enable-tls --disable-multilib --enable-languages=c c++ fortran]
  ignore line: [Thread model: posix]
  ignore line: [gcc version 9.3.0 (GCC) ]
  ignore line: [COMPILER_PATH=/opt/sde/packages/gcc-9.3.0/libexec/gcc/x86_64-pc-linux-gnu/9.3.0/:/opt/sde/packages/gcc-9.3.0/libexec/gcc/x86_64-pc-linux-gnu/9.3.0/:/opt/sde/packages/gcc-9.3.0/libexec/gcc/x86_64-pc-linux-gnu/:/opt/sde/packages/gcc-9.3.0/lib/gcc/x86_64-pc-linux-gnu/9.3.0/:/opt/sde/packages/gcc-9.3.0/lib/gcc/x86_64-pc-linux-gnu/]
  ignore line: [LIBRARY_PATH=/opt/sde/packages/gcc-9.3.0/lib/gcc/x86_64-pc-linux-gnu/9.3.0/:/opt/sde/packages/gcc-9.3.0/lib/gcc/x86_64-pc-linux-gnu/9.3.0/../../../../lib64/:/lib/../lib64/:/usr/lib/../lib64/:/opt/sde/packages/gcc-9.3.0/lib/gcc/x86_64-pc-linux-gnu/9.3.0/../../../:/lib/:/usr/lib/]
  ignore line: [COLLECT_GCC_OPTIONS='-isystem' '/opt/sde/packages/boost/include' '-isystem' '/opt/sde/packages/catch/include' '-isystem' '/opt/sde/packages/gsl/include' '-isystem' '/opt/sde/packages/CGAL/include' '-isystem' '/opt/sde/packages/jasper/include' '-v' '-o' 'cmTC_da369' '-L/opt/sde/packages/boost/lib' '-L/opt/sde/packages/catch/lib64' '-L/opt/sde/packages/CGAL/lib64' '-L/opt/sde/packages/jasper/lib64' '-shared-libgcc' '-mtune=generic' '-march=x86-64']
  link line: [ /opt/sde/packages/gcc-9.3.0/libexec/gcc/x86_64-pc-linux-gnu/9.3.0/collect2 -plugin /opt/sde/packages/gcc-9.3.0/libexec/gcc/x86_64-pc-linux-gnu/9.3.0/liblto_plugin.so -plugin-opt=/opt/sde/packages/gcc-9.3.0/libexec/gcc/x86_64-pc-linux-gnu/9.3.0/lto-wrapper -plugin-opt=-fresolution=/tmp/cclColqY.res -plugin-opt=-pass-through=-lgcc_s -plugin-opt=-pass-through=-lgcc -plugin-opt=-pass-through=-lc -plugin-opt=-pass-through=-lgcc_s -plugin-opt=-pass-through=-lgcc --eh-frame-hdr -m elf_x86_64 -dynamic-linker /lib64/ld-linux-x86-64.so.2 -o cmTC_da369 /lib/../lib64/crt1.o /lib/../lib64/crti.o /opt/sde/packages/gcc-9.3.0/lib/gcc/x86_64-pc-linux-gnu/9.3.0/crtbegin.o -L/opt/sde/packages/boost/lib -L/opt/sde/packages/catch/lib64 -L/opt/sde/packages/CGAL/lib64 -L/opt/sde/packages/jasper/lib64 -L/opt/sde/packages/gcc-9.3.0/lib/gcc/x86_64-pc-linux-gnu/9.3.0 -L/opt/sde/packages/gcc-9.3.0/lib/gcc/x86_64-pc-linux-gnu/9.3.0/../../../../lib64 -L/lib/../lib64 -L/usr/lib/../lib64 -L/opt/sde/packages/gcc-9.3.0/lib/gcc/x86_64-pc-linux-gnu/9.3.0/../../.. CMakeFiles/cmTC_da369.dir/CMakeCXXCompilerABI.cpp.o -rpath /opt/sde/packages/boost/lib -rpath /opt/sde/packages/catch/lib64 -rpath /opt/sde/packages/CGAL/lib64 -rpath /opt/sde/packages/jasper/lib64 -rpath /opt/sde/packages/gcc/lib64 -lstdc++ -lm -lgcc_s -lgcc -lc -lgcc_s -lgcc /opt/sde/packages/gcc-9.3.0/lib/gcc/x86_64-pc-linux-gnu/9.3.0/crtend.o /lib/../lib64/crtn.o]
    arg [/opt/sde/packages/gcc-9.3.0/libexec/gcc/x86_64-pc-linux-gnu/9.3.0/collect2] ==> ignore
    arg [-plugin] ==> ignore
    arg [/opt/sde/packages/gcc-9.3.0/libexec/gcc/x86_64-pc-linux-gnu/9.3.0/liblto_plugin.so] ==> ignore
    arg [-plugin-opt=/opt/sde/packages/gcc-9.3.0/libexec/gcc/x86_64-pc-linux-gnu/9.3.0/lto-wrapper] ==> ignore
    arg [-plugin-opt=-fresolution=/tmp/cclColqY.res] ==> ignore
    arg [-plugin-opt=-pass-through=-lgcc_s] ==> ignore
    arg [-plugin-opt=-pass-through=-lgcc] ==> ignore
    arg [-plugin-opt=-pass-through=-lc] ==> ignore
    arg [-plugin-opt=-pass-through=-lgcc_s] ==> ignore
    arg [-plugin-opt=-pass-through=-lgcc] ==> ignore
    arg [--eh-frame-hdr] ==> ignore
    arg [-m] ==> ignore
    arg [elf_x86_64] ==> ignore
    arg [-dynamic-linker] ==> ignore
    arg [/lib64/ld-linux-x86-64.so.2] ==> ignore
    arg [-o] ==> ignore
    arg [cmTC_da369] ==> ignore
    arg [/lib/../lib64/crt1.o] ==> ignore
    arg [/lib/../lib64/crti.o] ==> ignore
    arg [/opt/sde/packages/gcc-9.3.0/lib/gcc/x86_64-pc-linux-gnu/9.3.0/crtbegin.o] ==> ignore
    arg [-L/opt/sde/packages/boost/lib] ==> dir [/opt/sde/packages/boost/lib]
    arg [-L/opt/sde/packages/catch/lib64] ==> dir [/opt/sde/packages/catch/lib64]
    arg [-L/opt/sde/packages/CGAL/lib64] ==> dir [/opt/sde/packages/CGAL/lib64]
    arg [-L/opt/sde/packages/jasper/lib64] ==> dir [/opt/sde/packages/jasper/lib64]
    arg [-L/opt/sde/packages/gcc-9.3.0/lib/gcc/x86_64-pc-linux-gnu/9.3.0] ==> dir [/opt/sde/packages/gcc-9.3.0/lib/gcc/x86_64-pc-linux-gnu/9.3.0]
    arg [-L/opt/sde/packages/gcc-9.3.0/lib/gcc/x86_64-pc-linux-gnu/9.3.0/../../../../lib64] ==> dir [/opt/sde/packages/gcc-9.3.0/lib/gcc/x86_64-pc-linux-gnu/9.3.0/../../../../lib64]
    arg [-L/lib/../lib64] ==> dir [/lib/../lib64]
    arg [-L/usr/lib/../lib64] ==> dir [/usr/lib/../lib64]
    arg [-L/opt/sde/packages/gcc-9.3.0/lib/gcc/x86_64-pc-linux-gnu/9.3.0/../../..] ==> dir [/opt/sde/packages/gcc-9.3.0/lib/gcc/x86_64-pc-linux-gnu/9.3.0/../../..]
    arg [CMakeFiles/cmTC_da369.dir/CMakeCXXCompilerABI.cpp.o] ==> ignore
    arg [-rpath] ==> ignore
    arg [/opt/sde/packages/boost/lib] ==> ignore
    arg [-rpath] ==> ignore
    arg [/opt/sde/packages/catch/lib64] ==> ignore
    arg [-rpath] ==> ignore
    arg [/opt/sde/packages/CGAL/lib64] ==> ignore
    arg [-rpath] ==> ignore
    arg [/opt/sde/packages/jasper/lib64] ==> ignore
    arg [-rpath] ==> ignore
    arg [/opt/sde/packages/gcc/lib64] ==> ignore
    arg [-lstdc++] ==> lib [stdc++]
    arg [-lm] ==> lib [m]
    arg [-lgcc_s] ==> lib [gcc_s]
    arg [-lgcc] ==> lib [gcc]
    arg [-lc] ==> lib [c]
    arg [-lgcc_s] ==> lib [gcc_s]
    arg [-lgcc] ==> lib [gcc]
    arg [/opt/sde/packages/gcc-9.3.0/lib/gcc/x86_64-pc-linux-gnu/9.3.0/crtend.o] ==> ignore
    arg [/lib/../lib64/crtn.o] ==> ignore
  collapse library dir [/opt/sde/packages/boost/lib] ==> [/opt/sde/packages/boost/lib]
  collapse library dir [/opt/sde/packages/catch/lib64] ==> [/opt/sde/packages/catch/lib64]
  collapse library dir [/opt/sde/packages/CGAL/lib64] ==> [/opt/sde/packages/CGAL/lib64]
  collapse library dir [/opt/sde/packages/jasper/lib64] ==> [/opt/sde/packages/jasper/lib64]
  collapse library dir [/opt/sde/packages/gcc-9.3.0/lib/gcc/x86_64-pc-linux-gnu/9.3.0] ==> [/opt/sde/packages/gcc-9.3.0/lib/gcc/x86_64-pc-linux-gnu/9.3.0]
  collapse library dir [/opt/sde/packages/gcc-9.3.0/lib/gcc/x86_64-pc-linux-gnu/9.3.0/../../../../lib64] ==> [/opt/sde/packages/gcc-9.3.0/lib64]
  collapse library dir [/lib/../lib64] ==> [/lib64]
  collapse library dir [/usr/lib/../lib64] ==> [/usr/lib64]
  collapse library dir [/opt/sde/packages/gcc-9.3.0/lib/gcc/x86_64-pc-linux-gnu/9.3.0/../../..] ==> [/opt/sde/packages/gcc-9.3.0/lib]
  implicit libs: [stdc++;m;gcc_s;gcc;c;gcc_s;gcc]
  implicit dirs: [/opt/sde/packages/boost/lib;/opt/sde/packages/catch/lib64;/opt/sde/packages/CGAL/lib64;/opt/sde/packages/jasper/lib64;/opt/sde/packages/gcc-9.3.0/lib/gcc/x86_64-pc-linux-gnu/9.3.0;/opt/sde/packages/gcc-9.3.0/lib64;/lib64;/usr/lib64;/opt/sde/packages/gcc-9.3.0/lib]
  implicit fwks: []


